  uic FrmHandEyeCali2D.ui
  uic FrmHandEyeCali3D.ui
  uic FrmMainWindow.ui
  uic FrmRegister.ui
  rcc MainWindow.qrc
  moc MainWindow.h
  moc HandEyeCali2D.h
  moc HandEyeCali3D.h
   RCC: Warning: No resources in 'E:\FinalTask\BCVPreciseLocate\BCVPreciseLocate\MainWindow.qrc'.
  moc Register.h
  Register.cpp
  HandEyeCali2D.cpp
  HandEyeCali3D.cpp
  MainWindow.cpp
  main.cpp
E:\FinalTask\BCVPreciseLocate\CameraChishine\CameraChishine.h(4,10): fatal error C1083: 无法打开包括文件: “3DCamera.hpp”: No such file or directory (编译源文件 HandEyeCali2D.cpp)
E:\FinalTask\BCVPreciseLocate\CameraChishine\CameraChishine.h(4,10): fatal error C1083: 无法打开包括文件: “3DCamera.hpp”: No such file or directory (编译源文件 Register.cpp)
E:\FinalTask\BCVPreciseLocate\CameraChishine\CameraChishine.h(4,10): fatal error C1083: 无法打开包括文件: “3DCamera.hpp”: No such file or directory (编译源文件 HandEyeCali3D.cpp)
E:\FinalTask\BCVPreciseLocate\CameraChishine\CameraChishine.h(4,10): fatal error C1083: 无法打开包括文件: “3DCamera.hpp”: No such file or directory (编译源文件 MainWindow.cpp)
E:\FinalTask\BCVPreciseLocate\CameraChishine\CameraChishine.h(4,10): fatal error C1083: 无法打开包括文件: “3DCamera.hpp”: No such file or directory (编译源文件 main.cpp)
